# Preference setting overrides
gui_create_pref_key -category {Globals} -key {load_detail_for_funcov} -value_type {bool} -value {false}
gui_create_pref_category -category {schem_obj_name}
gui_create_pref_key -category {schem_obj_name} -key {show_cell_and_pin_with_symbol_name} -value_type {bool} -value {false}
gui_create_pref_key -category {schem_pin_hc} -key {textExtFont} -value_type {string} -value {Helvetica,10,-1,5,50,0,0,0,0,0}

# State setting overrides
gui_state_default_create -off -ini
gui_set_state_value -category Globals -key recent_sessions -value {{gui_load_session -ignore_errors -file /home/ecelrc/students/atung/vlsi1/vlsi1_project/test_waves.tcl -ignore_errors} {gui_load_session -ignore_errors -file /home/ecelrc/students/atung/vlsi1/lab3/rx_view.tcl -ignore_errors} {gui_load_session -ignore_errors -file /home/ecelrc/students/atung/vlsi1/lab3/tx_view.tcl -ignore_errors} {gui_load_session -ignore_errors -file /home/ecelrc/students/atung/vlsi1/lab3/rtl/ssp_test2.tcl} {gui_load_session -ignore_errors -file /home/ecelrc/students/atung/vlsi1/lab3/rtl/ssp_test2.tcl -ignore_errors}}
gui_set_state_value -category Layout -key child_console_size_x -value 951
gui_set_state_value -category Layout -key child_console_size_y -value 469
gui_set_state_value -category Layout -key child_data_size_x -value 202
gui_set_state_value -category Layout -key child_data_size_y -value 318
gui_set_state_value -category Layout -key child_driver_size_x -value 696
gui_set_state_value -category Layout -key child_driver_size_y -value 179
gui_set_state_value -category Layout -key child_hier_col3 -value {-1}
gui_set_state_value -category Layout -key child_hier_colpd -value 0
gui_set_state_value -category Layout -key child_hier_size_x -value 136
gui_set_state_value -category Layout -key child_hier_size_y -value 318
gui_set_state_value -category Layout -key child_schematic_docknewline -value false
gui_set_state_value -category Layout -key child_schematic_pos_x -value {-2}
gui_set_state_value -category Layout -key child_schematic_pos_y -value {-15}
gui_set_state_value -category Layout -key child_schematic_size_x -value 574
gui_set_state_value -category Layout -key child_schematic_size_y -value 604
gui_set_state_value -category Layout -key child_source_docknewline -value false
gui_set_state_value -category Layout -key child_source_pos_x -value {-2}
gui_set_state_value -category Layout -key child_source_pos_y -value {-15}
gui_set_state_value -category Layout -key child_source_size_x -value 616
gui_set_state_value -category Layout -key child_source_size_y -value 313
gui_set_state_value -category Layout -key child_wave_colname -value 185
gui_set_state_value -category Layout -key child_wave_colvalue -value 222
gui_set_state_value -category Layout -key child_wave_left -value 411
gui_set_state_value -category Layout -key child_wave_right -value 478
gui_set_state_value -category Layout -key main_pos_y -value 65
gui_set_state_value -category Layout -key main_size_x -value 956
gui_set_state_value -category Layout -key main_size_y -value 971
gui_set_state_value -category Layout -key stand_source_child_docknewline -value false
gui_set_state_value -category Layout -key stand_source_child_pos_x -value {-2}
gui_set_state_value -category Layout -key stand_source_child_pos_y -value {-15}
gui_set_state_value -category Layout -key stand_source_child_size_x -value 504
gui_set_state_value -category Layout -key stand_source_child_size_y -value 206
gui_set_state_value -category Layout -key stand_source_top_pos_x -value 422
gui_set_state_value -category Layout -key stand_source_top_pos_y -value 234
gui_set_state_value -category Layout -key stand_source_top_size_x -value 921
gui_set_state_value -category Layout -key stand_source_top_size_y -value 633
gui_set_state_value -category Layout -key stand_wave_child_docknewline -value false
gui_set_state_value -category Layout -key stand_wave_child_pos_x -value {-2}
gui_set_state_value -category Layout -key stand_wave_child_pos_y -value {-15}
gui_set_state_value -category Layout -key stand_wave_child_size_x -value 899
gui_set_state_value -category Layout -key stand_wave_child_size_y -value 782
gui_set_state_value -category Layout -key stand_wave_top_pos_x -value 6
gui_set_state_value -category Layout -key stand_wave_top_pos_y -value 65
gui_set_state_value -category Layout -key stand_wave_top_size_x -value 900
gui_set_state_value -category Layout -key stand_wave_top_size_y -value 971
gui_create_state_key -category FindDialog -key m_pMatchCase -value_type bool -value false
gui_create_state_key -category FindDialog -key m_pMatchWord -value_type bool -value false
gui_create_state_key -category FindDialog -key m_pUseCombo -value_type string -value {}
gui_create_state_key -category FindDialog -key m_pWrapAround -value_type bool -value true
gui_create_state_key -category Widget_History -key {dlgSimSetup|m_setupTab|tab pages|BuildTab|m_rebuildBtnGroup|m_customCmdCombo} -value_type string -value {{vcs -R -full64 -f master } {vcs +ntb_random_seed=100 -full64 -f master -debug} {vcs -full64 -f master -debug +ntb_random_seed=100} {vcs -full64 -f master -debug +ntb_random_seed=2} {vcs -full64 -f master -debug +ntb_random_seed=1}}
gui_create_state_key -category Widget_History -key {dlgSimSetup|m_setupTab|tab pages|SimTab|m_VPDCombo} -value_type string -value inter.vpd
gui_create_state_key -category Widget_History -key {dlgSimSetup|m_setupTab|tab pages|SimTab|m_argsCombo} -value_type string -value {{-ucligui } { -ucligui}}
gui_create_state_key -category Widget_History -key {dlgSimSetup|m_setupTab|tab pages|SimTab|m_curDirCombo} -value_type string -value {/home/ecelrc/students/atung/vlsi1/vlsi1_project/rtl/40fracs /home/ecelrc/students/atung/vlsi1/vlsi1_project/rtl/48fracs /home/ecelrc/students/atung/vlsi1/vlsi1_project/rtl /home/ecelrc/students/atung/vlsi1/vlsi1_project /home/ecelrc/students/atung/vlsi1/lab3}
gui_create_state_key -category Widget_History -key {dlgSimSetup|m_setupTab|tab pages|SimTab|m_exeCombo} -value_type string -value {/home/ecelrc/students/atung/vlsi1/vlsi1_project/rtl/40fracs/simv ./simv /home/ecelrc/students/atung/vlsi1/vlsi1_project/rtl/48fracs/simv /home/ecelrc/students/atung/vlsi1/vlsi1_project/rtl/simv /home/ecelrc/students/atung/vlsi1/vlsi1_project/simv}
gui_state_default_create -off

# Begin command logging
gui_sim_run Ucli -exe ./simv -args {-ucligui  } -dir .
gui_sim_continue  
gui_set_env SIMSETUP::SIMCURRENTDIR /home/ecelrc/students/atung/vlsi1/vlsi1_project/rtl/40fracs
gui_sim_restart -build /home/ecelrc/students/atung/vlsi1/vlsi1_project/rtl/40fracs/simv.daidir/vcs_rebuild
gui_sim_continue  
gui_sim_restart -build /home/ecelrc/students/atung/vlsi1/vlsi1_project/rtl/40fracs/simv.daidir/vcs_rebuild
gui_sim_continue  
